#
# There is insufficient memory for the Java Runtime Environment to continue.
# Native memory allocation (mmap) failed to map 3221225472 bytes for committing reserved memory.
# Possible reasons:
#   The system is out of physical RAM or swap space
#   The process is running with CompressedOops enabled, and the Java Heap may be blocking the growth of the native heap
# Possible solutions:
#   Reduce memory load on the system
#   Increase physical memory or swap space
#   Check if swap backing store is full
#   Decrease Java heap size (-Xmx/-Xms)
#   Decrease number of Java threads
#   Decrease Java thread stack sizes (-Xss)
#   Set larger code cache with -XX:ReservedCodeCacheSize=
# This output file may be truncated or incomplete.
#
#  Out of Memory Error (os_linux.cpp:2893), pid=5110, tid=5116
#
# JRE version:  (11.0.4+11) (build )
# Java VM: OpenJDK 64-Bit Server VM (11.0.4+11-post-Ubuntu-1ubuntu218.04.3, mixed mode, aot, sharing, tiered, compressed oops, g1 gc, linux-amd64)
# Core dump will be written. Default location: Core dumps may be processed with "/lib/systemd/systemd-coredump %P %u %g %s %t 9223372036854775808 %e" (or dumping to /home/nishant/Videos/Java & Sql/Programs/Abstraction/core.5110)
#

---------------  S U M M A R Y ------------

Command Line: -Xms3072m -Xmx4096m -Dfile.encoding=UTF-8 abstraction.Grains

Host: Intel(R) Core(TM) i3-6006U CPU @ 2.00GHz, 4 cores, 3G, Linux Mint 19.2 Tina
Time: Thu Sep 12 07:54:15 2019 IST elapsed time: 0 seconds (0d 0h 0m 0s)

---------------  T H R E A D  ---------------

Current thread (0x00007ff000011800):  JavaThread "Unknown thread" [_thread_in_vm, id=5116, stack(0x00007ff00a2c1000,0x00007ff00a3c2000)]

Stack: [0x00007ff00a2c1000,0x00007ff00a3c2000],  sp=0x00007ff00a3c02c0,  free space=1020k
Native frames: (J=compiled Java code, A=aot compiled Java code, j=interpreted, Vv=VM code, C=native code)
V  [libjvm.so+0xde4547]
V  [libjvm.so+0xde519b]
V  [libjvm.so+0x6511a5]
V  [libjvm.so+0xbbed38]
V  [libjvm.so+0xbb5ebd]
V  [libjvm.so+0x76f53f]
V  [libjvm.so+0x76f7ae]
V  [libjvm.so+0x77b820]
V  [libjvm.so+0x7f6969]
V  [libjvm.so+0x7f75c2]
V  [libjvm.so+0x7f7a29]
V  [libjvm.so+0x72de6f]
V  [libjvm.so+0x72e55d]
V  [libjvm.so+0xd9ea32]
V  [libjvm.so+0xd9ecc6]
V  [libjvm.so+0x80f907]
V  [libjvm.so+0xd7d627]
V  [libjvm.so+0x8c8611]  JNI_CreateJavaVM+0x51
C  [libjli.so+0x4a66]
C  [libjli.so+0x92cd]


---------------  P R O C E S S  ---------------

Threads class SMR info:
_java_thread_list=0x00005611981d7000, length=0, elements={
}

Java Threads: ( => current thread )

Other Threads:
  0x00007ff000028000 GCTaskThread "GC Thread#0" [stack: 0x00007ff0062b7000,0x00007ff0063b7000] [id=5123]
  0x00007ff000068000 ConcurrentGCThread "G1 Main Marker" [stack: 0x00007ff0045b1000,0x00007ff0046b1000] [id=5128]
  0x00007ff00006a000 ConcurrentGCThread "G1 Conc#0" [stack: 0x00007ff0044af000,0x00007ff0045af000] [id=5129]

[error occurred during error reporting (printing all threads), id 0xb, SIGSEGV (0xb) at pc=0x00007ff0088a5040]

VM state:not at safepoint (not fully initialized)

VM Mutex/Monitor currently owned by a thread:  ([mutex/lock_event])
[0x00007ff00000e5c0] Heap_lock - owner thread: 0x00007ff000011800

Heap address: 0x0000000700000000, size: 4096 MB, Compressed Oops mode: Non-zero based: 0x0000000700000000
Narrow klass base: 0x0000000000000000, Narrow klass shift: 0

GC Heap History (0 events):
No events

Deoptimization events (0 events):
No events

Classes redefined (0 events):
No events

Internal exceptions (0 events):
No events

Events (0 events):
No events


Dynamic libraries:
7c0000000-800000000 ---p 00000000 00:00 0 
5611978fd000-5611978fe000 r-xp 00000000 08:02 39326439                   /usr/lib/jvm/java-11-openjdk-amd64/bin/java
561197afe000-561197aff000 r--p 00001000 08:02 39326439                   /usr/lib/jvm/java-11-openjdk-amd64/bin/java
561197aff000-561197b00000 rw-p 00002000 08:02 39326439                   /usr/lib/jvm/java-11-openjdk-amd64/bin/java
5611981bf000-5611981e0000 rw-p 00000000 00:00 0                          [heap]
7fefd2000000-7fefd4000000 rw-p 00000000 00:00 0 
7fefd4000000-7fefd4021000 rw-p 00000000 00:00 0 
7fefd4021000-7fefd8000000 ---p 00000000 00:00 0 
7fefd8000000-7fefd8021000 rw-p 00000000 00:00 0 
7fefd8021000-7fefe4000000 ---p 00000000 00:00 0 
7fefe4000000-7fefe4021000 rw-p 00000000 00:00 0 
7fefe4021000-7fefe8000000 ---p 00000000 00:00 0 
7fefe8956000-7fefe8bc6000 rwxp 00000000 00:00 0 
7fefe8bc6000-7fefe8ee6000 ---p 00000000 00:00 0 
7fefe8ee6000-7fefe9156000 rwxp 00000000 00:00 0 
7fefe9156000-7feff041e000 ---p 00000000 00:00 0 
7feff041e000-7feff068e000 rwxp 00000000 00:00 0 
7feff068e000-7feff7956000 ---p 00000000 00:00 0 
7feff7956000-7ff000000000 r--s 00000000 08:02 39326522                   /usr/lib/jvm/java-11-openjdk-amd64/lib/modules
7ff000000000-7ff000085000 rw-p 00000000 00:00 0 
7ff000085000-7ff004000000 ---p 00000000 00:00 0 
7ff0040a9000-7ff0044ad000 rw-p 00000000 00:00 0 
7ff0044ad000-7ff0044ae000 ---p 00000000 00:00 0 
7ff0044ae000-7ff0045af000 rw-p 00000000 00:00 0 
7ff0045af000-7ff0045b0000 ---p 00000000 00:00 0 
7ff0045b0000-7ff0046b1000 rw-p 00000000 00:00 0 
7ff0046b1000-7ff005eb1000 ---p 00000000 00:00 0 
7ff005eb1000-7ff0062b5000 rw-p 00000000 00:00 0 
7ff0062b5000-7ff0062b6000 ---p 00000000 00:00 0 
7ff0062b6000-7ff0063bc000 rw-p 00000000 00:00 0 
7ff0063bc000-7ff0064a2000 ---p 00000000 00:00 0 
7ff0064a2000-7ff0064a7000 rw-p 00000000 00:00 0 
7ff0064a7000-7ff00658d000 ---p 00000000 00:00 0 
7ff00658d000-7ff006592000 r-xp 00000000 08:02 39326504                   /usr/lib/jvm/java-11-openjdk-amd64/lib/libjimage.so
7ff006592000-7ff006791000 ---p 00005000 08:02 39326504                   /usr/lib/jvm/java-11-openjdk-amd64/lib/libjimage.so
7ff006791000-7ff006792000 r--p 00004000 08:02 39326504                   /usr/lib/jvm/java-11-openjdk-amd64/lib/libjimage.so
7ff006792000-7ff006793000 rw-p 00005000 08:02 39326504                   /usr/lib/jvm/java-11-openjdk-amd64/lib/libjimage.so
7ff006793000-7ff00679a000 r-xp 00000000 08:02 39326521                   /usr/lib/jvm/java-11-openjdk-amd64/lib/libzip.so
7ff00679a000-7ff006999000 ---p 00007000 08:02 39326521                   /usr/lib/jvm/java-11-openjdk-amd64/lib/libzip.so
7ff006999000-7ff00699a000 r--p 00006000 08:02 39326521                   /usr/lib/jvm/java-11-openjdk-amd64/lib/libzip.so
7ff00699a000-7ff00699b000 rw-p 00007000 08:02 39326521                   /usr/lib/jvm/java-11-openjdk-amd64/lib/libzip.so
7ff00699b000-7ff0069a6000 r-xp 00000000 08:02 57545556                   /lib/x86_64-linux-gnu/libnss_files-2.27.so
7ff0069a6000-7ff006ba5000 ---p 0000b000 08:02 57545556                   /lib/x86_64-linux-gnu/libnss_files-2.27.so
7ff006ba5000-7ff006ba6000 r--p 0000a000 08:02 57545556                   /lib/x86_64-linux-gnu/libnss_files-2.27.so
7ff006ba6000-7ff006ba7000 rw-p 0000b000 08:02 57545556                   /lib/x86_64-linux-gnu/libnss_files-2.27.so
7ff006ba7000-7ff006bad000 rw-p 00000000 00:00 0 
7ff006bad000-7ff006bc4000 r-xp 00000000 08:02 57545550                   /lib/x86_64-linux-gnu/libnsl-2.27.so
7ff006bc4000-7ff006dc3000 ---p 00017000 08:02 57545550                   /lib/x86_64-linux-gnu/libnsl-2.27.so
7ff006dc3000-7ff006dc4000 r--p 00016000 08:02 57545550                   /lib/x86_64-linux-gnu/libnsl-2.27.so
7ff006dc4000-7ff006dc5000 rw-p 00017000 08:02 57545550                   /lib/x86_64-linux-gnu/libnsl-2.27.so
7ff006dc5000-7ff006dc7000 rw-p 00000000 00:00 0 
7ff006dc7000-7ff006dd2000 r-xp 00000000 08:02 57545567                   /lib/x86_64-linux-gnu/libnss_nis-2.27.so
7ff006dd2000-7ff006fd1000 ---p 0000b000 08:02 57545567                   /lib/x86_64-linux-gnu/libnss_nis-2.27.so
7ff006fd1000-7ff006fd2000 r--p 0000a000 08:02 57545567                   /lib/x86_64-linux-gnu/libnss_nis-2.27.so
7ff006fd2000-7ff006fd3000 rw-p 0000b000 08:02 57545567                   /lib/x86_64-linux-gnu/libnss_nis-2.27.so
7ff006fd3000-7ff006fdb000 r-xp 00000000 08:02 57545552                   /lib/x86_64-linux-gnu/libnss_compat-2.27.so
7ff006fdb000-7ff0071db000 ---p 00008000 08:02 57545552                   /lib/x86_64-linux-gnu/libnss_compat-2.27.so
7ff0071db000-7ff0071dc000 r--p 00008000 08:02 57545552                   /lib/x86_64-linux-gnu/libnss_compat-2.27.so
7ff0071dc000-7ff0071dd000 rw-p 00009000 08:02 57545552                   /lib/x86_64-linux-gnu/libnss_compat-2.27.so
7ff0071dd000-7ff007206000 r-xp 00000000 08:02 39326500                   /usr/lib/jvm/java-11-openjdk-amd64/lib/libjava.so
7ff007206000-7ff007405000 ---p 00029000 08:02 39326500                   /usr/lib/jvm/java-11-openjdk-amd64/lib/libjava.so
7ff007405000-7ff007406000 r--p 00028000 08:02 39326500                   /usr/lib/jvm/java-11-openjdk-amd64/lib/libjava.so
7ff007406000-7ff007408000 rw-p 00029000 08:02 39326500                   /usr/lib/jvm/java-11-openjdk-amd64/lib/libjava.so
7ff007408000-7ff007415000 r-xp 00000000 08:02 39326520                   /usr/lib/jvm/java-11-openjdk-amd64/lib/libverify.so
7ff007415000-7ff007614000 ---p 0000d000 08:02 39326520                   /usr/lib/jvm/java-11-openjdk-amd64/lib/libverify.so
7ff007614000-7ff007616000 r--p 0000c000 08:02 39326520                   /usr/lib/jvm/java-11-openjdk-amd64/lib/libverify.so
7ff007616000-7ff007617000 rw-p 0000e000 08:02 39326520                   /usr/lib/jvm/java-11-openjdk-amd64/lib/libverify.so
7ff007617000-7ff00761e000 r-xp 00000000 08:02 57545607                   /lib/x86_64-linux-gnu/librt-2.27.so
7ff00761e000-7ff00781d000 ---p 00007000 08:02 57545607                   /lib/x86_64-linux-gnu/librt-2.27.so
7ff00781d000-7ff00781e000 r--p 00006000 08:02 57545607                   /lib/x86_64-linux-gnu/librt-2.27.so
7ff00781e000-7ff00781f000 rw-p 00007000 08:02 57545607                   /lib/x86_64-linux-gnu/librt-2.27.so
7ff00781f000-7ff007836000 r-xp 00000000 08:02 57545503                   /lib/x86_64-linux-gnu/libgcc_s.so.1
7ff007836000-7ff007a35000 ---p 00017000 08:02 57545503                   /lib/x86_64-linux-gnu/libgcc_s.so.1
7ff007a35000-7ff007a36000 r--p 00016000 08:02 57545503                   /lib/x86_64-linux-gnu/libgcc_s.so.1
7ff007a36000-7ff007a37000 rw-p 00017000 08:02 57545503                   /lib/x86_64-linux-gnu/libgcc_s.so.1
7ff007a37000-7ff007bd4000 r-xp 00000000 08:02 57545529                   /lib/x86_64-linux-gnu/libm-2.27.so
7ff007bd4000-7ff007dd3000 ---p 0019d000 08:02 57545529                   /lib/x86_64-linux-gnu/libm-2.27.so
7ff007dd3000-7ff007dd4000 r--p 0019c000 08:02 57545529                   /lib/x86_64-linux-gnu/libm-2.27.so
7ff007dd4000-7ff007dd5000 rw-p 0019d000 08:02 57545529                   /lib/x86_64-linux-gnu/libm-2.27.so
7ff007dd5000-7ff007f4e000 r-xp 00000000 08:02 39329675                   /usr/lib/x86_64-linux-gnu/libstdc++.so.6.0.25
7ff007f4e000-7ff00814e000 ---p 00179000 08:02 39329675                   /usr/lib/x86_64-linux-gnu/libstdc++.so.6.0.25
7ff00814e000-7ff008158000 r--p 00179000 08:02 39329675                   /usr/lib/x86_64-linux-gnu/libstdc++.so.6.0.25
7ff008158000-7ff00815a000 rw-p 00183000 08:02 39329675                   /usr/lib/x86_64-linux-gnu/libstdc++.so.6.0.25
7ff00815a000-7ff00815e000 rw-p 00000000 00:00 0 
7ff00815e000-7ff00922a000 r-xp 00000000 08:02 39326525                   /usr/lib/jvm/java-11-openjdk-amd64/lib/server/libjvm.so
7ff00922a000-7ff009429000 ---p 010cc000 08:02 39326525                   /usr/lib/jvm/java-11-openjdk-amd64/lib/server/libjvm.so
7ff009429000-7ff0094e6000 r--p 010cb000 08:02 39326525                   /usr/lib/jvm/java-11-openjdk-amd64/lib/server/libjvm.so
7ff0094e6000-7ff00951f000 rw-p 01188000 08:02 39326525                   /usr/lib/jvm/java-11-openjdk-amd64/lib/server/libjvm.so
7ff00951f000-7ff009575000 rw-p 00000000 00:00 0 
7ff009575000-7ff00958f000 r-xp 00000000 08:02 57545599                   /lib/x86_64-linux-gnu/libpthread-2.27.so
7ff00958f000-7ff00978e000 ---p 0001a000 08:02 57545599                   /lib/x86_64-linux-gnu/libpthread-2.27.so
7ff00978e000-7ff00978f000 r--p 00019000 08:02 57545599                   /lib/x86_64-linux-gnu/libpthread-2.27.so
7ff00978f000-7ff009790000 rw-p 0001a000 08:02 57545599                   /lib/x86_64-linux-gnu/libpthread-2.27.so
7ff009790000-7ff009794000 rw-p 00000000 00:00 0 
7ff009794000-7ff009797000 r-xp 00000000 08:02 57545489                   /lib/x86_64-linux-gnu/libdl-2.27.so
7ff009797000-7ff009996000 ---p 00003000 08:02 57545489                   /lib/x86_64-linux-gnu/libdl-2.27.so
7ff009996000-7ff009997000 r--p 00002000 08:02 57545489                   /lib/x86_64-linux-gnu/libdl-2.27.so
7ff009997000-7ff009998000 rw-p 00003000 08:02 57545489                   /lib/x86_64-linux-gnu/libdl-2.27.so
7ff009998000-7ff0099b4000 r-xp 00000000 08:02 57545640                   /lib/x86_64-linux-gnu/libz.so.1.2.11
7ff0099b4000-7ff009bb3000 ---p 0001c000 08:02 57545640                   /lib/x86_64-linux-gnu/libz.so.1.2.11
7ff009bb3000-7ff009bb4000 r--p 0001b000 08:02 57545640                   /lib/x86_64-linux-gnu/libz.so.1.2.11
7ff009bb4000-7ff009bb5000 rw-p 0001c000 08:02 57545640                   /lib/x86_64-linux-gnu/libz.so.1.2.11
7ff009bb5000-7ff009d9c000 r-xp 00000000 08:02 57545466                   /lib/x86_64-linux-gnu/libc-2.27.so
7ff009d9c000-7ff009f9c000 ---p 001e7000 08:02 57545466                   /lib/x86_64-linux-gnu/libc-2.27.so
7ff009f9c000-7ff009fa0000 r--p 001e7000 08:02 57545466                   /lib/x86_64-linux-gnu/libc-2.27.so
7ff009fa0000-7ff009fa2000 rw-p 001eb000 08:02 57545466                   /lib/x86_64-linux-gnu/libc-2.27.so
7ff009fa2000-7ff009fa6000 rw-p 00000000 00:00 0 
7ff009fa6000-7ff009fb6000 r-xp 00000000 08:02 39326484                   /usr/lib/jvm/java-11-openjdk-amd64/lib/jli/libjli.so
7ff009fb6000-7ff00a1b5000 ---p 00010000 08:02 39326484                   /usr/lib/jvm/java-11-openjdk-amd64/lib/jli/libjli.so
7ff00a1b5000-7ff00a1b6000 r--p 0000f000 08:02 39326484                   /usr/lib/jvm/java-11-openjdk-amd64/lib/jli/libjli.so
7ff00a1b6000-7ff00a1b7000 rw-p 00010000 08:02 39326484                   /usr/lib/jvm/java-11-openjdk-amd64/lib/jli/libjli.so
7ff00a1b7000-7ff00a1de000 r-xp 00000000 08:02 57545438                   /lib/x86_64-linux-gnu/ld-2.27.so
7ff00a217000-7ff00a2c1000 rw-p 00000000 00:00 0 
7ff00a2c1000-7ff00a2c5000 ---p 00000000 00:00 0 
7ff00a2c5000-7ff00a3c4000 rw-p 00000000 00:00 0 
7ff00a3c6000-7ff00a3cb000 rw-p 00000000 00:00 0 
7ff00a3cb000-7ff00a3d2000 ---p 00000000 00:00 0 
7ff00a3d2000-7ff00a3da000 rw-s 00000000 08:02 4980776                    /tmp/hsperfdata_nishant/5110
7ff00a3da000-7ff00a3db000 ---p 00000000 00:00 0 
7ff00a3db000-7ff00a3dc000 r--p 00000000 00:00 0 
7ff00a3dc000-7ff00a3de000 rw-p 00000000 00:00 0 
7ff00a3de000-7ff00a3df000 r--p 00027000 08:02 57545438                   /lib/x86_64-linux-gnu/ld-2.27.so
7ff00a3df000-7ff00a3e0000 rw-p 00028000 08:02 57545438                   /lib/x86_64-linux-gnu/ld-2.27.so
7ff00a3e0000-7ff00a3e1000 rw-p 00000000 00:00 0 
7ffcff609000-7ffcff62a000 rw-p 00000000 00:00 0                          [stack]
7ffcff7da000-7ffcff7dd000 r--p 00000000 00:00 0                          [vvar]
7ffcff7dd000-7ffcff7df000 r-xp 00000000 00:00 0                          [vdso]
ffffffffff600000-ffffffffff601000 r-xp 00000000 00:00 0                  [vsyscall]


VM Arguments:
jvm_args: -Xms3072m -Xmx4096m -Dfile.encoding=UTF-8 
java_command: abstraction.Grains
java_class_path (initial): /home/nishant/Videos/Java & Sql/Programs/Abstraction/bin
Launcher Type: SUN_STANDARD

[Global flags]
     intx CICompilerCount                          = 3                                         {product} {ergonomic}
     uint ConcGCThreads                            = 1                                         {product} {ergonomic}
     uint G1ConcRefinementThreads                  = 4                                         {product} {ergonomic}
   size_t G1HeapRegionSize                         = 1048576                                   {product} {ergonomic}
    uintx GCDrainStackTargetSize                   = 64                                        {product} {ergonomic}
   size_t InitialHeapSize                          = 3221225472                                {product} {command line}
   size_t MarkStackSize                            = 4194304                                   {product} {ergonomic}
   size_t MaxHeapSize                              = 4294967296                                {product} {command line}
   size_t MinHeapDeltaBytes                        = 1048576                                   {product} {ergonomic}
    uintx NonNMethodCodeHeapSize                   = 5830092                                {pd product} {ergonomic}
    uintx NonProfiledCodeHeapSize                  = 122914074                              {pd product} {ergonomic}
    uintx ProfiledCodeHeapSize                     = 122914074                              {pd product} {ergonomic}
    uintx ReservedCodeCacheSize                    = 251658240                              {pd product} {ergonomic}
     bool SegmentedCodeCache                       = true                                      {product} {ergonomic}
     bool UseCompressedClassPointers               = true                                 {lp64_product} {ergonomic}
     bool UseCompressedOops                        = true                                 {lp64_product} {ergonomic}
     bool UseG1GC                                  = true                                      {product} {ergonomic}

Logging:
Log output configuration:
 #0: stdout all=warning uptime,level,tags
 #1: stderr all=off uptime,level,tags

Environment Variables:
PATH=/usr/local/sbin:/usr/local/bin:/usr/sbin:/usr/bin:/sbin:/bin:/usr/games:/usr/local/games
SHELL=/bin/bash
DISPLAY=:0

Signal Handlers:
SIGSEGV: [libjvm.so+0xde5f50], sa_mask[0]=11111111011111111101111111111110, sa_flags=SA_RESTART|SA_SIGINFO
SIGBUS: [libjvm.so+0xde5f50], sa_mask[0]=11111111011111111101111111111110, sa_flags=SA_RESTART|SA_SIGINFO
SIGFPE: [libjvm.so+0xde5f50], sa_mask[0]=11111111011111111101111111111110, sa_flags=SA_RESTART|SA_SIGINFO
SIGPIPE: [libjvm.so+0xbba5b0], sa_mask[0]=11111111011111111101111111111110, sa_flags=SA_RESTART|SA_SIGINFO
SIGXFSZ: [libjvm.so+0xbba5b0], sa_mask[0]=11111111011111111101111111111110, sa_flags=SA_RESTART|SA_SIGINFO
SIGILL: [libjvm.so+0xde5f50], sa_mask[0]=11111111011111111101111111111110, sa_flags=SA_RESTART|SA_SIGINFO
SIGUSR2: [libjvm.so+0xbba450], sa_mask[0]=00100000000000000000000000000000, sa_flags=SA_RESTART|SA_SIGINFO
SIGHUP: SIG_DFL, sa_mask[0]=00000000000000000000000000000000, sa_flags=none
SIGINT: SIG_DFL, sa_mask[0]=00000000000000000000000000000000, sa_flags=none
SIGTERM: SIG_DFL, sa_mask[0]=00000000000000000000000000000000, sa_flags=none
SIGQUIT: SIG_DFL, sa_mask[0]=00000000000000000000000000000000, sa_flags=none


---------------  S Y S T E M  ---------------

OS:DISTRIB_ID=LinuxMint
DISTRIB_RELEASE=19.2
DISTRIB_CODENAME=tina
DISTRIB_DESCRIPTION="Linux Mint 19.2 Tina"
uname:Linux 4.15.0-54-generic #58-Ubuntu SMP Mon Jun 24 10:55:24 UTC 2019 x86_64
libc:glibc 2.27 NPTL 2.27 
rlimit: STACK 8192k, CORE 0k, NPROC 14576, NOFILE 1048576, AS infinity, DATA infinity, FSIZE infinity
load average:5.66 2.82 1.70

/proc/meminfo:
MemTotal:        3905848 kB
MemFree:          108092 kB
MemAvailable:     847132 kB
Buffers:           49312 kB
Cached:          1063964 kB
SwapCached:           92 kB
Active:          2500796 kB
Inactive:         949436 kB
Active(anon):    2048852 kB
Inactive(anon):   521064 kB
Active(file):     451944 kB
Inactive(file):   428372 kB
Unevictable:          80 kB
Mlocked:              80 kB
SwapTotal:       2096636 kB
SwapFree:        2095600 kB
Dirty:               480 kB
Writeback:             0 kB
AnonPages:       2337028 kB
Mapped:           455964 kB
Shmem:            264112 kB
Slab:             219640 kB
SReclaimable:     128648 kB
SUnreclaim:        90992 kB
KernelStack:       11384 kB
PageTables:        54572 kB
NFS_Unstable:          0 kB
Bounce:                0 kB
WritebackTmp:          0 kB
CommitLimit:     4049560 kB
Committed_AS:   13105076 kB
VmallocTotal:   34359738367 kB
VmallocUsed:           0 kB
VmallocChunk:          0 kB
HardwareCorrupted:     0 kB
AnonHugePages:         0 kB
ShmemHugePages:        0 kB
ShmemPmdMapped:        0 kB
CmaTotal:              0 kB
CmaFree:               0 kB
HugePages_Total:       0
HugePages_Free:        0
HugePages_Rsvd:        0
HugePages_Surp:        0
Hugepagesize:       2048 kB
DirectMap4k:      192040 kB
DirectMap2M:     3868672 kB
DirectMap1G:     1048576 kB


/proc/sys/kernel/threads-max (system-wide limit on the number of threads):
29152


/proc/sys/vm/max_map_count (maximum number of memory map areas a process may have):
65530


/proc/sys/kernel/pid_max (system-wide limit on number of process identifiers):
32768



container (cgroup) information:
container_type: cgroupv1
cpu_cpuset_cpus: 0-3
cpu_memory_nodes: 0
active_processor_count: 4
cpu_quota: -1
cpu_period: 100000
cpu_shares: -1
memory_limit_in_bytes: -1
memory_and_swap_limit_in_bytes: -2
memory_soft_limit_in_bytes: -1
memory_usage_in_bytes: 3533557760
memory_max_usage_in_bytes: 0

Steal ticks since vm start: 0
Steal ticks percentage since vm start:  0.000

CPU:total 4 (initial active 4) (2 cores per cpu, 2 threads per core) family 6 model 78 stepping 3, cmov, cx8, fxsr, mmx, sse, sse2, sse3, ssse3, sse4.1, sse4.2, popcnt, avx, avx2, aes, clmul, erms, 3dnowpref, lzcnt, ht, tsc, tscinvbit, bmi1, bmi2, adx, fma
CPU Model and flags from /proc/cpuinfo:
model name	: Intel(R) Core(TM) i3-6006U CPU @ 2.00GHz
flags		: fpu vme de pse tsc msr pae mce cx8 apic sep mtrr pge mca cmov pat pse36 clflush dts acpi mmx fxsr sse sse2 ss ht tm pbe syscall nx pdpe1gb rdtscp lm constant_tsc art arch_perfmon pebs bts rep_good nopl xtopology nonstop_tsc cpuid aperfmperf tsc_known_freq pni pclmulqdq dtes64 monitor ds_cpl vmx est tm2 ssse3 sdbg fma cx16 xtpr pdcm pcid sse4_1 sse4_2 x2apic movbe popcnt aes xsave avx f16c rdrand lahf_lm abm 3dnowprefetch cpuid_fault epb invpcid_single pti tpr_shadow vnmi flexpriority ept vpid fsgsbase tsc_adjust bmi1 avx2 smep bmi2 erms invpcid mpx rdseed adx smap clflushopt intel_pt xsaveopt xsavec xgetbv1 xsaves dtherm arat pln pts hwp hwp_notify hwp_act_window hwp_epp

Memory: 4k page, physical 3905848k(108092k free), swap 2096636k(2095600k free)

vm_info: OpenJDK 64-Bit Server VM (11.0.4+11-post-Ubuntu-1ubuntu218.04.3) for linux-amd64 JRE (11.0.4+11-post-Ubuntu-1ubuntu218.04.3), built on Jul 18 2019 18:21:46 by "buildd" with gcc 7.4.0

END.
