#
# There is insufficient memory for the Java Runtime Environment to continue.
# Native memory allocation (mmap) failed to map 4294967296 bytes for committing reserved memory.
# Possible reasons:
#   The system is out of physical RAM or swap space
#   The process is running with CompressedOops enabled, and the Java Heap may be blocking the growth of the native heap
# Possible solutions:
#   Reduce memory load on the system
#   Increase physical memory or swap space
#   Check if swap backing store is full
#   Decrease Java heap size (-Xmx/-Xms)
#   Decrease number of Java threads
#   Decrease Java thread stack sizes (-Xss)
#   Set larger code cache with -XX:ReservedCodeCacheSize=
# This output file may be truncated or incomplete.
#
#  Out of Memory Error (os_linux.cpp:2893), pid=3517, tid=3520
#
# JRE version:  (11.0.4+11) (build )
# Java VM: OpenJDK 64-Bit Server VM (11.0.4+11-post-Ubuntu-1ubuntu218.04.3, mixed mode, aot, sharing, tiered, compressed oops, g1 gc, linux-amd64)
# Core dump will be written. Default location: Core dumps may be processed with "/lib/systemd/systemd-coredump %P %u %g %s %t 9223372036854775808 %e" (or dumping to /home/nishant/Videos/Java & Sql/Programs/Abstraction/core.3517)
#

---------------  S U M M A R Y ------------

Command Line: -Xms4096M -Xmx6144M -Dfile.encoding=UTF-8 abstraction.Grains

Host: Intel(R) Core(TM) i3-6006U CPU @ 2.00GHz, 4 cores, 3G, Linux Mint 19.2 Tina
Time: Wed Sep 11 08:12:52 2019 IST elapsed time: 0 seconds (0d 0h 0m 0s)

---------------  T H R E A D  ---------------

Current thread (0x00007f46a8011800):  JavaThread "Unknown thread" [_thread_in_vm, id=3520, stack(0x00007f46b090e000,0x00007f46b0a0f000)]

Stack: [0x00007f46b090e000,0x00007f46b0a0f000],  sp=0x00007f46b0a0d2c0,  free space=1020k
Native frames: (J=compiled Java code, A=aot compiled Java code, j=interpreted, Vv=VM code, C=native code)
V  [libjvm.so+0xde4547]
V  [libjvm.so+0xde519b]
V  [libjvm.so+0x6511a5]
V  [libjvm.so+0xbbed38]
V  [libjvm.so+0xbb5ebd]
V  [libjvm.so+0x76f53f]
V  [libjvm.so+0x76f7ae]
V  [libjvm.so+0x77b820]
V  [libjvm.so+0x7f6969]
V  [libjvm.so+0x7f75c2]
V  [libjvm.so+0x7f7a29]
V  [libjvm.so+0x72de6f]
V  [libjvm.so+0x72e55d]
V  [libjvm.so+0xd9ea32]
V  [libjvm.so+0xd9ecc6]
V  [libjvm.so+0x80f907]
V  [libjvm.so+0xd7d627]
V  [libjvm.so+0x8c8611]  JNI_CreateJavaVM+0x51
C  [libjli.so+0x4a66]
C  [libjli.so+0x92cd]


---------------  P R O C E S S  ---------------

Threads class SMR info:
_java_thread_list=0x000055a30cc98000, length=0, elements={
}

Java Threads: ( => current thread )

Other Threads:
  0x00007f46a8028000 GCTaskThread "GC Thread#0" [stack: 0x00007f46ac904000,0x00007f46aca04000] [id=3525]
  0x00007f46a8055800 ConcurrentGCThread "G1 Main Marker" [stack: 0x00007f46ac3fe000,0x00007f46ac4fe000] [id=3526]
  0x00007f46a8057800 ConcurrentGCThread "G1 Conc#0" [stack: 0x00007f46ac2fc000,0x00007f46ac3fc000] [id=3527]

[error occurred during error reporting (printing all threads), id 0xb, SIGSEGV (0xb) at pc=0x00007f46aeef2040]

VM state:not at safepoint (not fully initialized)

VM Mutex/Monitor currently owned by a thread:  ([mutex/lock_event])
[0x00007f46a800e5c0] Heap_lock - owner thread: 0x00007f46a8011800

Heap address: 0x0000000680000000, size: 6144 MB, Compressed Oops mode: Non-zero based: 0x0000000680000000
Narrow klass base: 0x0000000000000000, Narrow klass shift: 0

GC Heap History (0 events):
No events

Deoptimization events (0 events):
No events

Classes redefined (0 events):
No events

Internal exceptions (0 events):
No events

Events (0 events):
No events


Dynamic libraries:
780000000-800000000 ---p 00000000 00:00 0 
55a30adfd000-55a30adfe000 r-xp 00000000 08:02 39326439                   /usr/lib/jvm/java-11-openjdk-amd64/bin/java
55a30affe000-55a30afff000 r--p 00001000 08:02 39326439                   /usr/lib/jvm/java-11-openjdk-amd64/bin/java
55a30afff000-55a30b000000 rw-p 00002000 08:02 39326439                   /usr/lib/jvm/java-11-openjdk-amd64/bin/java
55a30cc80000-55a30cca1000 rw-p 00000000 00:00 0                          [heap]
7f4670000000-7f4670021000 rw-p 00000000 00:00 0 
7f4670021000-7f4674000000 ---p 00000000 00:00 0 
7f4676000000-7f4678000000 rw-p 00000000 00:00 0 
7f4678000000-7f4678021000 rw-p 00000000 00:00 0 
7f4678021000-7f467c000000 ---p 00000000 00:00 0 
7f467dc00000-7f468c000000 ---p 00000000 00:00 0 
7f468c000000-7f468c021000 rw-p 00000000 00:00 0 
7f468c021000-7f4690000000 ---p 00000000 00:00 0 
7f4690754000-7f4690956000 rw-p 00000000 00:00 0 
7f4690956000-7f4690bc6000 rwxp 00000000 00:00 0 
7f4690bc6000-7f4690ee6000 ---p 00000000 00:00 0 
7f4690ee6000-7f4691156000 rwxp 00000000 00:00 0 
7f4691156000-7f469841e000 ---p 00000000 00:00 0 
7f469841e000-7f469868e000 rwxp 00000000 00:00 0 
7f469868e000-7f469f956000 ---p 00000000 00:00 0 
7f469f956000-7f46a8000000 r--s 00000000 08:02 39326522                   /usr/lib/jvm/java-11-openjdk-amd64/lib/modules
7f46a8000000-7f46a8072000 rw-p 00000000 00:00 0 
7f46a8072000-7f46ac000000 ---p 00000000 00:00 0 
7f46ac0f8000-7f46ac2fa000 rw-p 00000000 00:00 0 
7f46ac2fa000-7f46ac2fb000 ---p 00000000 00:00 0 
7f46ac2fb000-7f46ac3fc000 rw-p 00000000 00:00 0 
7f46ac3fc000-7f46ac3fd000 ---p 00000000 00:00 0 
7f46ac3fd000-7f46ac902000 rw-p 00000000 00:00 0 
7f46ac902000-7f46ac903000 ---p 00000000 00:00 0 
7f46ac903000-7f46aca09000 rw-p 00000000 00:00 0 
7f46aca09000-7f46acaef000 ---p 00000000 00:00 0 
7f46acaef000-7f46acaf4000 rw-p 00000000 00:00 0 
7f46acaf4000-7f46acbda000 ---p 00000000 00:00 0 
7f46acbda000-7f46acbdf000 r-xp 00000000 08:02 39326504                   /usr/lib/jvm/java-11-openjdk-amd64/lib/libjimage.so
7f46acbdf000-7f46acdde000 ---p 00005000 08:02 39326504                   /usr/lib/jvm/java-11-openjdk-amd64/lib/libjimage.so
7f46acdde000-7f46acddf000 r--p 00004000 08:02 39326504                   /usr/lib/jvm/java-11-openjdk-amd64/lib/libjimage.so
7f46acddf000-7f46acde0000 rw-p 00005000 08:02 39326504                   /usr/lib/jvm/java-11-openjdk-amd64/lib/libjimage.so
7f46acde0000-7f46acde7000 r-xp 00000000 08:02 39326521                   /usr/lib/jvm/java-11-openjdk-amd64/lib/libzip.so
7f46acde7000-7f46acfe6000 ---p 00007000 08:02 39326521                   /usr/lib/jvm/java-11-openjdk-amd64/lib/libzip.so
7f46acfe6000-7f46acfe7000 r--p 00006000 08:02 39326521                   /usr/lib/jvm/java-11-openjdk-amd64/lib/libzip.so
7f46acfe7000-7f46acfe8000 rw-p 00007000 08:02 39326521                   /usr/lib/jvm/java-11-openjdk-amd64/lib/libzip.so
7f46acfe8000-7f46acff3000 r-xp 00000000 08:02 57545556                   /lib/x86_64-linux-gnu/libnss_files-2.27.so
7f46acff3000-7f46ad1f2000 ---p 0000b000 08:02 57545556                   /lib/x86_64-linux-gnu/libnss_files-2.27.so
7f46ad1f2000-7f46ad1f3000 r--p 0000a000 08:02 57545556                   /lib/x86_64-linux-gnu/libnss_files-2.27.so
7f46ad1f3000-7f46ad1f4000 rw-p 0000b000 08:02 57545556                   /lib/x86_64-linux-gnu/libnss_files-2.27.so
7f46ad1f4000-7f46ad1fa000 rw-p 00000000 00:00 0 
7f46ad1fa000-7f46ad211000 r-xp 00000000 08:02 57545550                   /lib/x86_64-linux-gnu/libnsl-2.27.so
7f46ad211000-7f46ad410000 ---p 00017000 08:02 57545550                   /lib/x86_64-linux-gnu/libnsl-2.27.so
7f46ad410000-7f46ad411000 r--p 00016000 08:02 57545550                   /lib/x86_64-linux-gnu/libnsl-2.27.so
7f46ad411000-7f46ad412000 rw-p 00017000 08:02 57545550                   /lib/x86_64-linux-gnu/libnsl-2.27.so
7f46ad412000-7f46ad414000 rw-p 00000000 00:00 0 
7f46ad414000-7f46ad41f000 r-xp 00000000 08:02 57545567                   /lib/x86_64-linux-gnu/libnss_nis-2.27.so
7f46ad41f000-7f46ad61e000 ---p 0000b000 08:02 57545567                   /lib/x86_64-linux-gnu/libnss_nis-2.27.so
7f46ad61e000-7f46ad61f000 r--p 0000a000 08:02 57545567                   /lib/x86_64-linux-gnu/libnss_nis-2.27.so
7f46ad61f000-7f46ad620000 rw-p 0000b000 08:02 57545567                   /lib/x86_64-linux-gnu/libnss_nis-2.27.so
7f46ad620000-7f46ad628000 r-xp 00000000 08:02 57545552                   /lib/x86_64-linux-gnu/libnss_compat-2.27.so
7f46ad628000-7f46ad828000 ---p 00008000 08:02 57545552                   /lib/x86_64-linux-gnu/libnss_compat-2.27.so
7f46ad828000-7f46ad829000 r--p 00008000 08:02 57545552                   /lib/x86_64-linux-gnu/libnss_compat-2.27.so
7f46ad829000-7f46ad82a000 rw-p 00009000 08:02 57545552                   /lib/x86_64-linux-gnu/libnss_compat-2.27.so
7f46ad82a000-7f46ad853000 r-xp 00000000 08:02 39326500                   /usr/lib/jvm/java-11-openjdk-amd64/lib/libjava.so
7f46ad853000-7f46ada52000 ---p 00029000 08:02 39326500                   /usr/lib/jvm/java-11-openjdk-amd64/lib/libjava.so
7f46ada52000-7f46ada53000 r--p 00028000 08:02 39326500                   /usr/lib/jvm/java-11-openjdk-amd64/lib/libjava.so
7f46ada53000-7f46ada55000 rw-p 00029000 08:02 39326500                   /usr/lib/jvm/java-11-openjdk-amd64/lib/libjava.so
7f46ada55000-7f46ada62000 r-xp 00000000 08:02 39326520                   /usr/lib/jvm/java-11-openjdk-amd64/lib/libverify.so
7f46ada62000-7f46adc61000 ---p 0000d000 08:02 39326520                   /usr/lib/jvm/java-11-openjdk-amd64/lib/libverify.so
7f46adc61000-7f46adc63000 r--p 0000c000 08:02 39326520                   /usr/lib/jvm/java-11-openjdk-amd64/lib/libverify.so
7f46adc63000-7f46adc64000 rw-p 0000e000 08:02 39326520                   /usr/lib/jvm/java-11-openjdk-amd64/lib/libverify.so
7f46adc64000-7f46adc6b000 r-xp 00000000 08:02 57545607                   /lib/x86_64-linux-gnu/librt-2.27.so
7f46adc6b000-7f46ade6a000 ---p 00007000 08:02 57545607                   /lib/x86_64-linux-gnu/librt-2.27.so
7f46ade6a000-7f46ade6b000 r--p 00006000 08:02 57545607                   /lib/x86_64-linux-gnu/librt-2.27.so
7f46ade6b000-7f46ade6c000 rw-p 00007000 08:02 57545607                   /lib/x86_64-linux-gnu/librt-2.27.so
7f46ade6c000-7f46ade83000 r-xp 00000000 08:02 57545503                   /lib/x86_64-linux-gnu/libgcc_s.so.1
7f46ade83000-7f46ae082000 ---p 00017000 08:02 57545503                   /lib/x86_64-linux-gnu/libgcc_s.so.1
7f46ae082000-7f46ae083000 r--p 00016000 08:02 57545503                   /lib/x86_64-linux-gnu/libgcc_s.so.1
7f46ae083000-7f46ae084000 rw-p 00017000 08:02 57545503                   /lib/x86_64-linux-gnu/libgcc_s.so.1
7f46ae084000-7f46ae221000 r-xp 00000000 08:02 57545529                   /lib/x86_64-linux-gnu/libm-2.27.so
7f46ae221000-7f46ae420000 ---p 0019d000 08:02 57545529                   /lib/x86_64-linux-gnu/libm-2.27.so
7f46ae420000-7f46ae421000 r--p 0019c000 08:02 57545529                   /lib/x86_64-linux-gnu/libm-2.27.so
7f46ae421000-7f46ae422000 rw-p 0019d000 08:02 57545529                   /lib/x86_64-linux-gnu/libm-2.27.so
7f46ae422000-7f46ae59b000 r-xp 00000000 08:02 39329675                   /usr/lib/x86_64-linux-gnu/libstdc++.so.6.0.25
7f46ae59b000-7f46ae79b000 ---p 00179000 08:02 39329675                   /usr/lib/x86_64-linux-gnu/libstdc++.so.6.0.25
7f46ae79b000-7f46ae7a5000 r--p 00179000 08:02 39329675                   /usr/lib/x86_64-linux-gnu/libstdc++.so.6.0.25
7f46ae7a5000-7f46ae7a7000 rw-p 00183000 08:02 39329675                   /usr/lib/x86_64-linux-gnu/libstdc++.so.6.0.25
7f46ae7a7000-7f46ae7ab000 rw-p 00000000 00:00 0 
7f46ae7ab000-7f46af877000 r-xp 00000000 08:02 39326525                   /usr/lib/jvm/java-11-openjdk-amd64/lib/server/libjvm.so
7f46af877000-7f46afa76000 ---p 010cc000 08:02 39326525                   /usr/lib/jvm/java-11-openjdk-amd64/lib/server/libjvm.so
7f46afa76000-7f46afb33000 r--p 010cb000 08:02 39326525                   /usr/lib/jvm/java-11-openjdk-amd64/lib/server/libjvm.so
7f46afb33000-7f46afb6c000 rw-p 01188000 08:02 39326525                   /usr/lib/jvm/java-11-openjdk-amd64/lib/server/libjvm.so
7f46afb6c000-7f46afbc2000 rw-p 00000000 00:00 0 
7f46afbc2000-7f46afbdc000 r-xp 00000000 08:02 57545599                   /lib/x86_64-linux-gnu/libpthread-2.27.so
7f46afbdc000-7f46afddb000 ---p 0001a000 08:02 57545599                   /lib/x86_64-linux-gnu/libpthread-2.27.so
7f46afddb000-7f46afddc000 r--p 00019000 08:02 57545599                   /lib/x86_64-linux-gnu/libpthread-2.27.so
7f46afddc000-7f46afddd000 rw-p 0001a000 08:02 57545599                   /lib/x86_64-linux-gnu/libpthread-2.27.so
7f46afddd000-7f46afde1000 rw-p 00000000 00:00 0 
7f46afde1000-7f46afde4000 r-xp 00000000 08:02 57545489                   /lib/x86_64-linux-gnu/libdl-2.27.so
7f46afde4000-7f46affe3000 ---p 00003000 08:02 57545489                   /lib/x86_64-linux-gnu/libdl-2.27.so
7f46affe3000-7f46affe4000 r--p 00002000 08:02 57545489                   /lib/x86_64-linux-gnu/libdl-2.27.so
7f46affe4000-7f46affe5000 rw-p 00003000 08:02 57545489                   /lib/x86_64-linux-gnu/libdl-2.27.so
7f46affe5000-7f46b0001000 r-xp 00000000 08:02 57545640                   /lib/x86_64-linux-gnu/libz.so.1.2.11
7f46b0001000-7f46b0200000 ---p 0001c000 08:02 57545640                   /lib/x86_64-linux-gnu/libz.so.1.2.11
7f46b0200000-7f46b0201000 r--p 0001b000 08:02 57545640                   /lib/x86_64-linux-gnu/libz.so.1.2.11
7f46b0201000-7f46b0202000 rw-p 0001c000 08:02 57545640                   /lib/x86_64-linux-gnu/libz.so.1.2.11
7f46b0202000-7f46b03e9000 r-xp 00000000 08:02 57545466                   /lib/x86_64-linux-gnu/libc-2.27.so
7f46b03e9000-7f46b05e9000 ---p 001e7000 08:02 57545466                   /lib/x86_64-linux-gnu/libc-2.27.so
7f46b05e9000-7f46b05ed000 r--p 001e7000 08:02 57545466                   /lib/x86_64-linux-gnu/libc-2.27.so
7f46b05ed000-7f46b05ef000 rw-p 001eb000 08:02 57545466                   /lib/x86_64-linux-gnu/libc-2.27.so
7f46b05ef000-7f46b05f3000 rw-p 00000000 00:00 0 
7f46b05f3000-7f46b0603000 r-xp 00000000 08:02 39326484                   /usr/lib/jvm/java-11-openjdk-amd64/lib/jli/libjli.so
7f46b0603000-7f46b0802000 ---p 00010000 08:02 39326484                   /usr/lib/jvm/java-11-openjdk-amd64/lib/jli/libjli.so
7f46b0802000-7f46b0803000 r--p 0000f000 08:02 39326484                   /usr/lib/jvm/java-11-openjdk-amd64/lib/jli/libjli.so
7f46b0803000-7f46b0804000 rw-p 00010000 08:02 39326484                   /usr/lib/jvm/java-11-openjdk-amd64/lib/jli/libjli.so
7f46b0804000-7f46b082b000 r-xp 00000000 08:02 57545438                   /lib/x86_64-linux-gnu/ld-2.27.so
7f46b0876000-7f46b090e000 rw-p 00000000 00:00 0 
7f46b090e000-7f46b0912000 ---p 00000000 00:00 0 
7f46b0912000-7f46b0a11000 rw-p 00000000 00:00 0 
7f46b0a13000-7f46b0a18000 rw-p 00000000 00:00 0 
7f46b0a18000-7f46b0a1f000 ---p 00000000 00:00 0 
7f46b0a1f000-7f46b0a27000 rw-s 00000000 08:02 4980773                    /tmp/hsperfdata_nishant/3517
7f46b0a27000-7f46b0a28000 ---p 00000000 00:00 0 
7f46b0a28000-7f46b0a29000 r--p 00000000 00:00 0 
7f46b0a29000-7f46b0a2b000 rw-p 00000000 00:00 0 
7f46b0a2b000-7f46b0a2c000 r--p 00027000 08:02 57545438                   /lib/x86_64-linux-gnu/ld-2.27.so
7f46b0a2c000-7f46b0a2d000 rw-p 00028000 08:02 57545438                   /lib/x86_64-linux-gnu/ld-2.27.so
7f46b0a2d000-7f46b0a2e000 rw-p 00000000 00:00 0 
7ffc7c744000-7ffc7c765000 rw-p 00000000 00:00 0                          [stack]
7ffc7c794000-7ffc7c797000 r--p 00000000 00:00 0                          [vvar]
7ffc7c797000-7ffc7c799000 r-xp 00000000 00:00 0                          [vdso]
ffffffffff600000-ffffffffff601000 r-xp 00000000 00:00 0                  [vsyscall]


VM Arguments:
jvm_args: -Xms4096M -Xmx6144M -Dfile.encoding=UTF-8 
java_command: abstraction.Grains
java_class_path (initial): /home/nishant/Videos/Java & Sql/Programs/Abstraction/bin
Launcher Type: SUN_STANDARD

[Global flags]
     intx CICompilerCount                          = 3                                         {product} {ergonomic}
     uint ConcGCThreads                            = 1                                         {product} {ergonomic}
     uint G1ConcRefinementThreads                  = 4                                         {product} {ergonomic}
   size_t G1HeapRegionSize                         = 2097152                                   {product} {ergonomic}
    uintx GCDrainStackTargetSize                   = 64                                        {product} {ergonomic}
   size_t InitialHeapSize                          = 4294967296                                {product} {command line}
   size_t MarkStackSize                            = 4194304                                   {product} {ergonomic}
   size_t MaxHeapSize                              = 6442450944                                {product} {command line}
   size_t MinHeapDeltaBytes                        = 2097152                                   {product} {ergonomic}
    uintx NonNMethodCodeHeapSize                   = 5830092                                {pd product} {ergonomic}
    uintx NonProfiledCodeHeapSize                  = 122914074                              {pd product} {ergonomic}
    uintx ProfiledCodeHeapSize                     = 122914074                              {pd product} {ergonomic}
    uintx ReservedCodeCacheSize                    = 251658240                              {pd product} {ergonomic}
     bool SegmentedCodeCache                       = true                                      {product} {ergonomic}
     bool UseCompressedClassPointers               = true                                 {lp64_product} {ergonomic}
     bool UseCompressedOops                        = true                                 {lp64_product} {ergonomic}
     bool UseG1GC                                  = true                                      {product} {ergonomic}

Logging:
Log output configuration:
 #0: stdout all=warning uptime,level,tags
 #1: stderr all=off uptime,level,tags

Environment Variables:
PATH=/usr/local/sbin:/usr/local/bin:/usr/sbin:/usr/bin:/sbin:/bin:/usr/games:/usr/local/games
SHELL=/bin/bash
DISPLAY=:0

Signal Handlers:
SIGSEGV: [libjvm.so+0xde5f50], sa_mask[0]=11111111011111111101111111111110, sa_flags=SA_RESTART|SA_SIGINFO
SIGBUS: [libjvm.so+0xde5f50], sa_mask[0]=11111111011111111101111111111110, sa_flags=SA_RESTART|SA_SIGINFO
SIGFPE: [libjvm.so+0xde5f50], sa_mask[0]=11111111011111111101111111111110, sa_flags=SA_RESTART|SA_SIGINFO
SIGPIPE: [libjvm.so+0xbba5b0], sa_mask[0]=11111111011111111101111111111110, sa_flags=SA_RESTART|SA_SIGINFO
SIGXFSZ: [libjvm.so+0xbba5b0], sa_mask[0]=11111111011111111101111111111110, sa_flags=SA_RESTART|SA_SIGINFO
SIGILL: [libjvm.so+0xde5f50], sa_mask[0]=11111111011111111101111111111110, sa_flags=SA_RESTART|SA_SIGINFO
SIGUSR2: [libjvm.so+0xbba450], sa_mask[0]=00100000000000000000000000000000, sa_flags=SA_RESTART|SA_SIGINFO
SIGHUP: SIG_DFL, sa_mask[0]=00000000000000000000000000000000, sa_flags=none
SIGINT: SIG_DFL, sa_mask[0]=00000000000000000000000000000000, sa_flags=none
SIGTERM: SIG_DFL, sa_mask[0]=00000000000000000000000000000000, sa_flags=none
SIGQUIT: SIG_DFL, sa_mask[0]=00000000000000000000000000000000, sa_flags=none


---------------  S Y S T E M  ---------------

OS:DISTRIB_ID=LinuxMint
DISTRIB_RELEASE=19.2
DISTRIB_CODENAME=tina
DISTRIB_DESCRIPTION="Linux Mint 19.2 Tina"
uname:Linux 4.15.0-54-generic #58-Ubuntu SMP Mon Jun 24 10:55:24 UTC 2019 x86_64
libc:glibc 2.27 NPTL 2.27 
rlimit: STACK 8192k, CORE 0k, NPROC 14576, NOFILE 1048576, AS infinity, DATA infinity, FSIZE infinity
load average:1.12 0.90 0.59

/proc/meminfo:
MemTotal:        3905856 kB
MemFree:         1206040 kB
MemAvailable:    1703112 kB
Buffers:           45352 kB
Cached:           767152 kB
SwapCached:            0 kB
Active:          1798536 kB
Inactive:         689216 kB
Active(anon):    1462936 kB
Inactive(anon):   350124 kB
Active(file):     335600 kB
Inactive(file):   339092 kB
Unevictable:          48 kB
Mlocked:              48 kB
SwapTotal:       2096636 kB
SwapFree:        2096368 kB
Dirty:               332 kB
Writeback:             0 kB
AnonPages:       1675400 kB
Mapped:           352344 kB
Shmem:            187324 kB
Slab:             107536 kB
SReclaimable:      55760 kB
SUnreclaim:        51776 kB
KernelStack:        8992 kB
PageTables:        40060 kB
NFS_Unstable:          0 kB
Bounce:                0 kB
WritebackTmp:          0 kB
CommitLimit:     4049564 kB
Committed_AS:    5140908 kB
VmallocTotal:   34359738367 kB
VmallocUsed:           0 kB
VmallocChunk:          0 kB
HardwareCorrupted:     0 kB
AnonHugePages:         0 kB
ShmemHugePages:        0 kB
ShmemPmdMapped:        0 kB
CmaTotal:              0 kB
CmaFree:               0 kB
HugePages_Total:       0
HugePages_Free:        0
HugePages_Rsvd:        0
HugePages_Surp:        0
Hugepagesize:       2048 kB
DirectMap4k:      161320 kB
DirectMap2M:     3899392 kB
DirectMap1G:     1048576 kB


/proc/sys/kernel/threads-max (system-wide limit on the number of threads):
29152


/proc/sys/vm/max_map_count (maximum number of memory map areas a process may have):
65530


/proc/sys/kernel/pid_max (system-wide limit on number of process identifiers):
32768



container (cgroup) information:
container_type: cgroupv1
cpu_cpuset_cpus: 0-3
cpu_memory_nodes: 0
active_processor_count: 4
cpu_quota: -1
cpu_period: 100000
cpu_shares: -1
memory_limit_in_bytes: -1
memory_and_swap_limit_in_bytes: -2
memory_soft_limit_in_bytes: -1
memory_usage_in_bytes: 2547933184
memory_max_usage_in_bytes: 0

Steal ticks since vm start: 0
Steal ticks percentage since vm start:  0.000

CPU:total 4 (initial active 4) (2 cores per cpu, 2 threads per core) family 6 model 78 stepping 3, cmov, cx8, fxsr, mmx, sse, sse2, sse3, ssse3, sse4.1, sse4.2, popcnt, avx, avx2, aes, clmul, erms, 3dnowpref, lzcnt, ht, tsc, tscinvbit, bmi1, bmi2, adx, fma
CPU Model and flags from /proc/cpuinfo:
model name	: Intel(R) Core(TM) i3-6006U CPU @ 2.00GHz
flags		: fpu vme de pse tsc msr pae mce cx8 apic sep mtrr pge mca cmov pat pse36 clflush dts acpi mmx fxsr sse sse2 ss ht tm pbe syscall nx pdpe1gb rdtscp lm constant_tsc art arch_perfmon pebs bts rep_good nopl xtopology nonstop_tsc cpuid aperfmperf tsc_known_freq pni pclmulqdq dtes64 monitor ds_cpl vmx est tm2 ssse3 sdbg fma cx16 xtpr pdcm pcid sse4_1 sse4_2 x2apic movbe popcnt aes xsave avx f16c rdrand lahf_lm abm 3dnowprefetch cpuid_fault epb invpcid_single pti tpr_shadow vnmi flexpriority ept vpid fsgsbase tsc_adjust bmi1 avx2 smep bmi2 erms invpcid mpx rdseed adx smap clflushopt intel_pt xsaveopt xsavec xgetbv1 xsaves dtherm arat pln pts hwp hwp_notify hwp_act_window hwp_epp

Memory: 4k page, physical 3905856k(1206040k free), swap 2096636k(2096368k free)

vm_info: OpenJDK 64-Bit Server VM (11.0.4+11-post-Ubuntu-1ubuntu218.04.3) for linux-amd64 JRE (11.0.4+11-post-Ubuntu-1ubuntu218.04.3), built on Jul 18 2019 18:21:46 by "buildd" with gcc 7.4.0

END.
