#
# There is insufficient memory for the Java Runtime Environment to continue.
# Native memory allocation (mmap) failed to map 4294967296 bytes for committing reserved memory.
# Possible reasons:
#   The system is out of physical RAM or swap space
#   The process is running with CompressedOops enabled, and the Java Heap may be blocking the growth of the native heap
# Possible solutions:
#   Reduce memory load on the system
#   Increase physical memory or swap space
#   Check if swap backing store is full
#   Decrease Java heap size (-Xmx/-Xms)
#   Decrease number of Java threads
#   Decrease Java thread stack sizes (-Xss)
#   Set larger code cache with -XX:ReservedCodeCacheSize=
# This output file may be truncated or incomplete.
#
#  Out of Memory Error (os_linux.cpp:2893), pid=3541, tid=3546
#
# JRE version:  (11.0.4+11) (build )
# Java VM: OpenJDK 64-Bit Server VM (11.0.4+11-post-Ubuntu-1ubuntu218.04.3, mixed mode, aot, sharing, tiered, compressed oops, g1 gc, linux-amd64)
# Core dump will be written. Default location: Core dumps may be processed with "/lib/systemd/systemd-coredump %P %u %g %s %t 9223372036854775808 %e" (or dumping to /home/nishant/Videos/Java & Sql/Programs/Abstraction/core.3541)
#

---------------  S U M M A R Y ------------

Command Line: -Xms4096M -Xmx6144M -Dfile.encoding=UTF-8 abstraction.Grains

Host: Intel(R) Core(TM) i3-6006U CPU @ 2.00GHz, 4 cores, 3G, Linux Mint 19.2 Tina
Time: Wed Sep 11 08:14:00 2019 IST elapsed time: 0 seconds (0d 0h 0m 0s)

---------------  T H R E A D  ---------------

Current thread (0x00007f8d44011800):  JavaThread "Unknown thread" [_thread_in_vm, id=3546, stack(0x00007f8d4d368000,0x00007f8d4d469000)]

Stack: [0x00007f8d4d368000,0x00007f8d4d469000],  sp=0x00007f8d4d4672c0,  free space=1020k
Native frames: (J=compiled Java code, A=aot compiled Java code, j=interpreted, Vv=VM code, C=native code)
V  [libjvm.so+0xde4547]
V  [libjvm.so+0xde519b]
V  [libjvm.so+0x6511a5]
V  [libjvm.so+0xbbed38]
V  [libjvm.so+0xbb5ebd]
V  [libjvm.so+0x76f53f]
V  [libjvm.so+0x76f7ae]
V  [libjvm.so+0x77b820]
V  [libjvm.so+0x7f6969]
V  [libjvm.so+0x7f75c2]
V  [libjvm.so+0x7f7a29]
V  [libjvm.so+0x72de6f]
V  [libjvm.so+0x72e55d]
V  [libjvm.so+0xd9ea32]
V  [libjvm.so+0xd9ecc6]
V  [libjvm.so+0x80f907]
V  [libjvm.so+0xd7d627]
V  [libjvm.so+0x8c8611]  JNI_CreateJavaVM+0x51
C  [libjli.so+0x4a66]
C  [libjli.so+0x92cd]


---------------  P R O C E S S  ---------------

Threads class SMR info:
_java_thread_list=0x000055c025740000, length=0, elements={
}

Java Threads: ( => current thread )

Other Threads:
  0x00007f8d44028000 GCTaskThread "GC Thread#0" [stack: 0x00007f8d4935e000,0x00007f8d4945e000] [id=3549]
  0x00007f8d44055800 ConcurrentGCThread "G1 Main Marker" [stack: 0x00007f8d48258000,0x00007f8d48358000] [id=3550]
  0x00007f8d44057800 ConcurrentGCThread "G1 Conc#0" [stack: 0x00007f8d48156000,0x00007f8d48256000] [id=3551]

[error occurred during error reporting (printing all threads), id 0xb, SIGSEGV (0xb) at pc=0x00007f8d4b94c040]

VM state:not at safepoint (not fully initialized)

VM Mutex/Monitor currently owned by a thread:  ([mutex/lock_event])
[0x00007f8d4400e5c0] Heap_lock - owner thread: 0x00007f8d44011800

Heap address: 0x0000000680000000, size: 6144 MB, Compressed Oops mode: Non-zero based: 0x0000000680000000
Narrow klass base: 0x0000000000000000, Narrow klass shift: 0

GC Heap History (0 events):
No events

Deoptimization events (0 events):
No events

Classes redefined (0 events):
No events

Internal exceptions (0 events):
No events

Events (0 events):
No events


Dynamic libraries:
780000000-800000000 ---p 00000000 00:00 0 
55c0244f8000-55c0244f9000 r-xp 00000000 08:02 39326439                   /usr/lib/jvm/java-11-openjdk-amd64/bin/java
55c0246f9000-55c0246fa000 r--p 00001000 08:02 39326439                   /usr/lib/jvm/java-11-openjdk-amd64/bin/java
55c0246fa000-55c0246fb000 rw-p 00002000 08:02 39326439                   /usr/lib/jvm/java-11-openjdk-amd64/bin/java
55c025728000-55c025749000 rw-p 00000000 00:00 0                          [heap]
7f8d0c000000-7f8d0c021000 rw-p 00000000 00:00 0 
7f8d0c021000-7f8d10000000 ---p 00000000 00:00 0 
7f8d14000000-7f8d14021000 rw-p 00000000 00:00 0 
7f8d14021000-7f8d18000000 ---p 00000000 00:00 0 
7f8d18800000-7f8d1a800000 rw-p 00000000 00:00 0 
7f8d1a800000-7f8d28000000 ---p 00000000 00:00 0 
7f8d28000000-7f8d28021000 rw-p 00000000 00:00 0 
7f8d28021000-7f8d2c000000 ---p 00000000 00:00 0 
7f8d2c653000-7f8d2c956000 rw-p 00000000 00:00 0 
7f8d2c956000-7f8d2cbc6000 rwxp 00000000 00:00 0 
7f8d2cbc6000-7f8d2cee6000 ---p 00000000 00:00 0 
7f8d2cee6000-7f8d2d156000 rwxp 00000000 00:00 0 
7f8d2d156000-7f8d3441e000 ---p 00000000 00:00 0 
7f8d3441e000-7f8d3468e000 rwxp 00000000 00:00 0 
7f8d3468e000-7f8d3b956000 ---p 00000000 00:00 0 
7f8d3b956000-7f8d44000000 r--s 00000000 08:02 39326522                   /usr/lib/jvm/java-11-openjdk-amd64/lib/modules
7f8d44000000-7f8d44072000 rw-p 00000000 00:00 0 
7f8d44072000-7f8d48000000 ---p 00000000 00:00 0 
7f8d48053000-7f8d48154000 rw-p 00000000 00:00 0 
7f8d48154000-7f8d48155000 ---p 00000000 00:00 0 
7f8d48155000-7f8d48256000 rw-p 00000000 00:00 0 
7f8d48256000-7f8d48257000 ---p 00000000 00:00 0 
7f8d48257000-7f8d48358000 rw-p 00000000 00:00 0 
7f8d48358000-7f8d48f58000 ---p 00000000 00:00 0 
7f8d48f58000-7f8d4935c000 rw-p 00000000 00:00 0 
7f8d4935c000-7f8d4935d000 ---p 00000000 00:00 0 
7f8d4935d000-7f8d49463000 rw-p 00000000 00:00 0 
7f8d49463000-7f8d49549000 ---p 00000000 00:00 0 
7f8d49549000-7f8d4954e000 rw-p 00000000 00:00 0 
7f8d4954e000-7f8d49634000 ---p 00000000 00:00 0 
7f8d49634000-7f8d49639000 r-xp 00000000 08:02 39326504                   /usr/lib/jvm/java-11-openjdk-amd64/lib/libjimage.so
7f8d49639000-7f8d49838000 ---p 00005000 08:02 39326504                   /usr/lib/jvm/java-11-openjdk-amd64/lib/libjimage.so
7f8d49838000-7f8d49839000 r--p 00004000 08:02 39326504                   /usr/lib/jvm/java-11-openjdk-amd64/lib/libjimage.so
7f8d49839000-7f8d4983a000 rw-p 00005000 08:02 39326504                   /usr/lib/jvm/java-11-openjdk-amd64/lib/libjimage.so
7f8d4983a000-7f8d49841000 r-xp 00000000 08:02 39326521                   /usr/lib/jvm/java-11-openjdk-amd64/lib/libzip.so
7f8d49841000-7f8d49a40000 ---p 00007000 08:02 39326521                   /usr/lib/jvm/java-11-openjdk-amd64/lib/libzip.so
7f8d49a40000-7f8d49a41000 r--p 00006000 08:02 39326521                   /usr/lib/jvm/java-11-openjdk-amd64/lib/libzip.so
7f8d49a41000-7f8d49a42000 rw-p 00007000 08:02 39326521                   /usr/lib/jvm/java-11-openjdk-amd64/lib/libzip.so
7f8d49a42000-7f8d49a4d000 r-xp 00000000 08:02 57545556                   /lib/x86_64-linux-gnu/libnss_files-2.27.so
7f8d49a4d000-7f8d49c4c000 ---p 0000b000 08:02 57545556                   /lib/x86_64-linux-gnu/libnss_files-2.27.so
7f8d49c4c000-7f8d49c4d000 r--p 0000a000 08:02 57545556                   /lib/x86_64-linux-gnu/libnss_files-2.27.so
7f8d49c4d000-7f8d49c4e000 rw-p 0000b000 08:02 57545556                   /lib/x86_64-linux-gnu/libnss_files-2.27.so
7f8d49c4e000-7f8d49c54000 rw-p 00000000 00:00 0 
7f8d49c54000-7f8d49c6b000 r-xp 00000000 08:02 57545550                   /lib/x86_64-linux-gnu/libnsl-2.27.so
7f8d49c6b000-7f8d49e6a000 ---p 00017000 08:02 57545550                   /lib/x86_64-linux-gnu/libnsl-2.27.so
7f8d49e6a000-7f8d49e6b000 r--p 00016000 08:02 57545550                   /lib/x86_64-linux-gnu/libnsl-2.27.so
7f8d49e6b000-7f8d49e6c000 rw-p 00017000 08:02 57545550                   /lib/x86_64-linux-gnu/libnsl-2.27.so
7f8d49e6c000-7f8d49e6e000 rw-p 00000000 00:00 0 
7f8d49e6e000-7f8d49e79000 r-xp 00000000 08:02 57545567                   /lib/x86_64-linux-gnu/libnss_nis-2.27.so
7f8d49e79000-7f8d4a078000 ---p 0000b000 08:02 57545567                   /lib/x86_64-linux-gnu/libnss_nis-2.27.so
7f8d4a078000-7f8d4a079000 r--p 0000a000 08:02 57545567                   /lib/x86_64-linux-gnu/libnss_nis-2.27.so
7f8d4a079000-7f8d4a07a000 rw-p 0000b000 08:02 57545567                   /lib/x86_64-linux-gnu/libnss_nis-2.27.so
7f8d4a07a000-7f8d4a082000 r-xp 00000000 08:02 57545552                   /lib/x86_64-linux-gnu/libnss_compat-2.27.so
7f8d4a082000-7f8d4a282000 ---p 00008000 08:02 57545552                   /lib/x86_64-linux-gnu/libnss_compat-2.27.so
7f8d4a282000-7f8d4a283000 r--p 00008000 08:02 57545552                   /lib/x86_64-linux-gnu/libnss_compat-2.27.so
7f8d4a283000-7f8d4a284000 rw-p 00009000 08:02 57545552                   /lib/x86_64-linux-gnu/libnss_compat-2.27.so
7f8d4a284000-7f8d4a2ad000 r-xp 00000000 08:02 39326500                   /usr/lib/jvm/java-11-openjdk-amd64/lib/libjava.so
7f8d4a2ad000-7f8d4a4ac000 ---p 00029000 08:02 39326500                   /usr/lib/jvm/java-11-openjdk-amd64/lib/libjava.so
7f8d4a4ac000-7f8d4a4ad000 r--p 00028000 08:02 39326500                   /usr/lib/jvm/java-11-openjdk-amd64/lib/libjava.so
7f8d4a4ad000-7f8d4a4af000 rw-p 00029000 08:02 39326500                   /usr/lib/jvm/java-11-openjdk-amd64/lib/libjava.so
7f8d4a4af000-7f8d4a4bc000 r-xp 00000000 08:02 39326520                   /usr/lib/jvm/java-11-openjdk-amd64/lib/libverify.so
7f8d4a4bc000-7f8d4a6bb000 ---p 0000d000 08:02 39326520                   /usr/lib/jvm/java-11-openjdk-amd64/lib/libverify.so
7f8d4a6bb000-7f8d4a6bd000 r--p 0000c000 08:02 39326520                   /usr/lib/jvm/java-11-openjdk-amd64/lib/libverify.so
7f8d4a6bd000-7f8d4a6be000 rw-p 0000e000 08:02 39326520                   /usr/lib/jvm/java-11-openjdk-amd64/lib/libverify.so
7f8d4a6be000-7f8d4a6c5000 r-xp 00000000 08:02 57545607                   /lib/x86_64-linux-gnu/librt-2.27.so
7f8d4a6c5000-7f8d4a8c4000 ---p 00007000 08:02 57545607                   /lib/x86_64-linux-gnu/librt-2.27.so
7f8d4a8c4000-7f8d4a8c5000 r--p 00006000 08:02 57545607                   /lib/x86_64-linux-gnu/librt-2.27.so
7f8d4a8c5000-7f8d4a8c6000 rw-p 00007000 08:02 57545607                   /lib/x86_64-linux-gnu/librt-2.27.so
7f8d4a8c6000-7f8d4a8dd000 r-xp 00000000 08:02 57545503                   /lib/x86_64-linux-gnu/libgcc_s.so.1
7f8d4a8dd000-7f8d4aadc000 ---p 00017000 08:02 57545503                   /lib/x86_64-linux-gnu/libgcc_s.so.1
7f8d4aadc000-7f8d4aadd000 r--p 00016000 08:02 57545503                   /lib/x86_64-linux-gnu/libgcc_s.so.1
7f8d4aadd000-7f8d4aade000 rw-p 00017000 08:02 57545503                   /lib/x86_64-linux-gnu/libgcc_s.so.1
7f8d4aade000-7f8d4ac7b000 r-xp 00000000 08:02 57545529                   /lib/x86_64-linux-gnu/libm-2.27.so
7f8d4ac7b000-7f8d4ae7a000 ---p 0019d000 08:02 57545529                   /lib/x86_64-linux-gnu/libm-2.27.so
7f8d4ae7a000-7f8d4ae7b000 r--p 0019c000 08:02 57545529                   /lib/x86_64-linux-gnu/libm-2.27.so
7f8d4ae7b000-7f8d4ae7c000 rw-p 0019d000 08:02 57545529                   /lib/x86_64-linux-gnu/libm-2.27.so
7f8d4ae7c000-7f8d4aff5000 r-xp 00000000 08:02 39329675                   /usr/lib/x86_64-linux-gnu/libstdc++.so.6.0.25
7f8d4aff5000-7f8d4b1f5000 ---p 00179000 08:02 39329675                   /usr/lib/x86_64-linux-gnu/libstdc++.so.6.0.25
7f8d4b1f5000-7f8d4b1ff000 r--p 00179000 08:02 39329675                   /usr/lib/x86_64-linux-gnu/libstdc++.so.6.0.25
7f8d4b1ff000-7f8d4b201000 rw-p 00183000 08:02 39329675                   /usr/lib/x86_64-linux-gnu/libstdc++.so.6.0.25
7f8d4b201000-7f8d4b205000 rw-p 00000000 00:00 0 
7f8d4b205000-7f8d4c2d1000 r-xp 00000000 08:02 39326525                   /usr/lib/jvm/java-11-openjdk-amd64/lib/server/libjvm.so
7f8d4c2d1000-7f8d4c4d0000 ---p 010cc000 08:02 39326525                   /usr/lib/jvm/java-11-openjdk-amd64/lib/server/libjvm.so
7f8d4c4d0000-7f8d4c58d000 r--p 010cb000 08:02 39326525                   /usr/lib/jvm/java-11-openjdk-amd64/lib/server/libjvm.so
7f8d4c58d000-7f8d4c5c6000 rw-p 01188000 08:02 39326525                   /usr/lib/jvm/java-11-openjdk-amd64/lib/server/libjvm.so
7f8d4c5c6000-7f8d4c61c000 rw-p 00000000 00:00 0 
7f8d4c61c000-7f8d4c636000 r-xp 00000000 08:02 57545599                   /lib/x86_64-linux-gnu/libpthread-2.27.so
7f8d4c636000-7f8d4c835000 ---p 0001a000 08:02 57545599                   /lib/x86_64-linux-gnu/libpthread-2.27.so
7f8d4c835000-7f8d4c836000 r--p 00019000 08:02 57545599                   /lib/x86_64-linux-gnu/libpthread-2.27.so
7f8d4c836000-7f8d4c837000 rw-p 0001a000 08:02 57545599                   /lib/x86_64-linux-gnu/libpthread-2.27.so
7f8d4c837000-7f8d4c83b000 rw-p 00000000 00:00 0 
7f8d4c83b000-7f8d4c83e000 r-xp 00000000 08:02 57545489                   /lib/x86_64-linux-gnu/libdl-2.27.so
7f8d4c83e000-7f8d4ca3d000 ---p 00003000 08:02 57545489                   /lib/x86_64-linux-gnu/libdl-2.27.so
7f8d4ca3d000-7f8d4ca3e000 r--p 00002000 08:02 57545489                   /lib/x86_64-linux-gnu/libdl-2.27.so
7f8d4ca3e000-7f8d4ca3f000 rw-p 00003000 08:02 57545489                   /lib/x86_64-linux-gnu/libdl-2.27.so
7f8d4ca3f000-7f8d4ca5b000 r-xp 00000000 08:02 57545640                   /lib/x86_64-linux-gnu/libz.so.1.2.11
7f8d4ca5b000-7f8d4cc5a000 ---p 0001c000 08:02 57545640                   /lib/x86_64-linux-gnu/libz.so.1.2.11
7f8d4cc5a000-7f8d4cc5b000 r--p 0001b000 08:02 57545640                   /lib/x86_64-linux-gnu/libz.so.1.2.11
7f8d4cc5b000-7f8d4cc5c000 rw-p 0001c000 08:02 57545640                   /lib/x86_64-linux-gnu/libz.so.1.2.11
7f8d4cc5c000-7f8d4ce43000 r-xp 00000000 08:02 57545466                   /lib/x86_64-linux-gnu/libc-2.27.so
7f8d4ce43000-7f8d4d043000 ---p 001e7000 08:02 57545466                   /lib/x86_64-linux-gnu/libc-2.27.so
7f8d4d043000-7f8d4d047000 r--p 001e7000 08:02 57545466                   /lib/x86_64-linux-gnu/libc-2.27.so
7f8d4d047000-7f8d4d049000 rw-p 001eb000 08:02 57545466                   /lib/x86_64-linux-gnu/libc-2.27.so
7f8d4d049000-7f8d4d04d000 rw-p 00000000 00:00 0 
7f8d4d04d000-7f8d4d05d000 r-xp 00000000 08:02 39326484                   /usr/lib/jvm/java-11-openjdk-amd64/lib/jli/libjli.so
7f8d4d05d000-7f8d4d25c000 ---p 00010000 08:02 39326484                   /usr/lib/jvm/java-11-openjdk-amd64/lib/jli/libjli.so
7f8d4d25c000-7f8d4d25d000 r--p 0000f000 08:02 39326484                   /usr/lib/jvm/java-11-openjdk-amd64/lib/jli/libjli.so
7f8d4d25d000-7f8d4d25e000 rw-p 00010000 08:02 39326484                   /usr/lib/jvm/java-11-openjdk-amd64/lib/jli/libjli.so
7f8d4d25e000-7f8d4d285000 r-xp 00000000 08:02 57545438                   /lib/x86_64-linux-gnu/ld-2.27.so
7f8d4d2d0000-7f8d4d368000 rw-p 00000000 00:00 0 
7f8d4d368000-7f8d4d36c000 ---p 00000000 00:00 0 
7f8d4d36c000-7f8d4d46b000 rw-p 00000000 00:00 0 
7f8d4d46d000-7f8d4d472000 rw-p 00000000 00:00 0 
7f8d4d472000-7f8d4d479000 ---p 00000000 00:00 0 
7f8d4d479000-7f8d4d481000 rw-s 00000000 08:02 4980773                    /tmp/hsperfdata_nishant/3541
7f8d4d481000-7f8d4d482000 ---p 00000000 00:00 0 
7f8d4d482000-7f8d4d483000 r--p 00000000 00:00 0 
7f8d4d483000-7f8d4d485000 rw-p 00000000 00:00 0 
7f8d4d485000-7f8d4d486000 r--p 00027000 08:02 57545438                   /lib/x86_64-linux-gnu/ld-2.27.so
7f8d4d486000-7f8d4d487000 rw-p 00028000 08:02 57545438                   /lib/x86_64-linux-gnu/ld-2.27.so
7f8d4d487000-7f8d4d488000 rw-p 00000000 00:00 0 
7ffd7f267000-7ffd7f288000 rw-p 00000000 00:00 0                          [stack]
7ffd7f34f000-7ffd7f352000 r--p 00000000 00:00 0                          [vvar]
7ffd7f352000-7ffd7f354000 r-xp 00000000 00:00 0                          [vdso]
ffffffffff600000-ffffffffff601000 r-xp 00000000 00:00 0                  [vsyscall]


VM Arguments:
jvm_args: -Xms4096M -Xmx6144M -Dfile.encoding=UTF-8 
java_command: abstraction.Grains
java_class_path (initial): /home/nishant/Videos/Java & Sql/Programs/Abstraction/bin
Launcher Type: SUN_STANDARD

[Global flags]
     intx CICompilerCount                          = 3                                         {product} {ergonomic}
     uint ConcGCThreads                            = 1                                         {product} {ergonomic}
     uint G1ConcRefinementThreads                  = 4                                         {product} {ergonomic}
   size_t G1HeapRegionSize                         = 2097152                                   {product} {ergonomic}
    uintx GCDrainStackTargetSize                   = 64                                        {product} {ergonomic}
   size_t InitialHeapSize                          = 4294967296                                {product} {command line}
   size_t MarkStackSize                            = 4194304                                   {product} {ergonomic}
   size_t MaxHeapSize                              = 6442450944                                {product} {command line}
   size_t MinHeapDeltaBytes                        = 2097152                                   {product} {ergonomic}
    uintx NonNMethodCodeHeapSize                   = 5830092                                {pd product} {ergonomic}
    uintx NonProfiledCodeHeapSize                  = 122914074                              {pd product} {ergonomic}
    uintx ProfiledCodeHeapSize                     = 122914074                              {pd product} {ergonomic}
    uintx ReservedCodeCacheSize                    = 251658240                              {pd product} {ergonomic}
     bool SegmentedCodeCache                       = true                                      {product} {ergonomic}
     bool UseCompressedClassPointers               = true                                 {lp64_product} {ergonomic}
     bool UseCompressedOops                        = true                                 {lp64_product} {ergonomic}
     bool UseG1GC                                  = true                                      {product} {ergonomic}

Logging:
Log output configuration:
 #0: stdout all=warning uptime,level,tags
 #1: stderr all=off uptime,level,tags

Environment Variables:
PATH=/usr/local/sbin:/usr/local/bin:/usr/sbin:/usr/bin:/sbin:/bin:/usr/games:/usr/local/games
SHELL=/bin/bash
DISPLAY=:0

Signal Handlers:
SIGSEGV: [libjvm.so+0xde5f50], sa_mask[0]=11111111011111111101111111111110, sa_flags=SA_RESTART|SA_SIGINFO
SIGBUS: [libjvm.so+0xde5f50], sa_mask[0]=11111111011111111101111111111110, sa_flags=SA_RESTART|SA_SIGINFO
SIGFPE: [libjvm.so+0xde5f50], sa_mask[0]=11111111011111111101111111111110, sa_flags=SA_RESTART|SA_SIGINFO
SIGPIPE: [libjvm.so+0xbba5b0], sa_mask[0]=11111111011111111101111111111110, sa_flags=SA_RESTART|SA_SIGINFO
SIGXFSZ: [libjvm.so+0xbba5b0], sa_mask[0]=11111111011111111101111111111110, sa_flags=SA_RESTART|SA_SIGINFO
SIGILL: [libjvm.so+0xde5f50], sa_mask[0]=11111111011111111101111111111110, sa_flags=SA_RESTART|SA_SIGINFO
SIGUSR2: [libjvm.so+0xbba450], sa_mask[0]=00100000000000000000000000000000, sa_flags=SA_RESTART|SA_SIGINFO
SIGHUP: SIG_DFL, sa_mask[0]=00000000000000000000000000000000, sa_flags=none
SIGINT: SIG_DFL, sa_mask[0]=00000000000000000000000000000000, sa_flags=none
SIGTERM: SIG_DFL, sa_mask[0]=00000000000000000000000000000000, sa_flags=none
SIGQUIT: SIG_DFL, sa_mask[0]=00000000000000000000000000000000, sa_flags=none


---------------  S Y S T E M  ---------------

OS:DISTRIB_ID=LinuxMint
DISTRIB_RELEASE=19.2
DISTRIB_CODENAME=tina
DISTRIB_DESCRIPTION="Linux Mint 19.2 Tina"
uname:Linux 4.15.0-54-generic #58-Ubuntu SMP Mon Jun 24 10:55:24 UTC 2019 x86_64
libc:glibc 2.27 NPTL 2.27 
rlimit: STACK 8192k, CORE 0k, NPROC 14576, NOFILE 1048576, AS infinity, DATA infinity, FSIZE infinity
load average:0.85 0.85 0.59

/proc/meminfo:
MemTotal:        3905856 kB
MemFree:         1207248 kB
MemAvailable:    1709484 kB
Buffers:           45448 kB
Cached:           767680 kB
SwapCached:            0 kB
Active:          1792132 kB
Inactive:         694536 kB
Active(anon):    1456376 kB
Inactive(anon):   350428 kB
Active(file):     335756 kB
Inactive(file):   344108 kB
Unevictable:          48 kB
Mlocked:              48 kB
SwapTotal:       2096636 kB
SwapFree:        2096368 kB
Dirty:               436 kB
Writeback:             0 kB
AnonPages:       1673640 kB
Mapped:           353136 kB
Shmem:            187596 kB
Slab:             107592 kB
SReclaimable:      55744 kB
SUnreclaim:        51848 kB
KernelStack:        8992 kB
PageTables:        40008 kB
NFS_Unstable:          0 kB
Bounce:                0 kB
WritebackTmp:          0 kB
CommitLimit:     4049564 kB
Committed_AS:    5138544 kB
VmallocTotal:   34359738367 kB
VmallocUsed:           0 kB
VmallocChunk:          0 kB
HardwareCorrupted:     0 kB
AnonHugePages:         0 kB
ShmemHugePages:        0 kB
ShmemPmdMapped:        0 kB
CmaTotal:              0 kB
CmaFree:               0 kB
HugePages_Total:       0
HugePages_Free:        0
HugePages_Rsvd:        0
HugePages_Surp:        0
Hugepagesize:       2048 kB
DirectMap4k:      161320 kB
DirectMap2M:     3899392 kB
DirectMap1G:     1048576 kB


/proc/sys/kernel/threads-max (system-wide limit on the number of threads):
29152


/proc/sys/vm/max_map_count (maximum number of memory map areas a process may have):
65530


/proc/sys/kernel/pid_max (system-wide limit on number of process identifiers):
32768



container (cgroup) information:
container_type: cgroupv1
cpu_cpuset_cpus: 0-3
cpu_memory_nodes: 0
active_processor_count: 4
cpu_quota: -1
cpu_period: 100000
cpu_shares: -1
memory_limit_in_bytes: -1
memory_and_swap_limit_in_bytes: -2
memory_soft_limit_in_bytes: -1
memory_usage_in_bytes: 2546802688
memory_max_usage_in_bytes: 0

Steal ticks since vm start: 0
Steal ticks percentage since vm start:  0.000

CPU:total 4 (initial active 4) (2 cores per cpu, 2 threads per core) family 6 model 78 stepping 3, cmov, cx8, fxsr, mmx, sse, sse2, sse3, ssse3, sse4.1, sse4.2, popcnt, avx, avx2, aes, clmul, erms, 3dnowpref, lzcnt, ht, tsc, tscinvbit, bmi1, bmi2, adx, fma
CPU Model and flags from /proc/cpuinfo:
model name	: Intel(R) Core(TM) i3-6006U CPU @ 2.00GHz
flags		: fpu vme de pse tsc msr pae mce cx8 apic sep mtrr pge mca cmov pat pse36 clflush dts acpi mmx fxsr sse sse2 ss ht tm pbe syscall nx pdpe1gb rdtscp lm constant_tsc art arch_perfmon pebs bts rep_good nopl xtopology nonstop_tsc cpuid aperfmperf tsc_known_freq pni pclmulqdq dtes64 monitor ds_cpl vmx est tm2 ssse3 sdbg fma cx16 xtpr pdcm pcid sse4_1 sse4_2 x2apic movbe popcnt aes xsave avx f16c rdrand lahf_lm abm 3dnowprefetch cpuid_fault epb invpcid_single pti tpr_shadow vnmi flexpriority ept vpid fsgsbase tsc_adjust bmi1 avx2 smep bmi2 erms invpcid mpx rdseed adx smap clflushopt intel_pt xsaveopt xsavec xgetbv1 xsaves dtherm arat pln pts hwp hwp_notify hwp_act_window hwp_epp

Memory: 4k page, physical 3905856k(1207124k free), swap 2096636k(2096368k free)

vm_info: OpenJDK 64-Bit Server VM (11.0.4+11-post-Ubuntu-1ubuntu218.04.3) for linux-amd64 JRE (11.0.4+11-post-Ubuntu-1ubuntu218.04.3), built on Jul 18 2019 18:21:46 by "buildd" with gcc 7.4.0

END.
